
  .   ____          _            __ _ _
 /\\ / ___'_ __ _ _(_)_ __  __ _ \ \ \ \
( ( )\___ | '_ | '_| | '_ \/ _` | \ \ \ \
 \\/  ___)| |_)| | | | | || (_| |  ) ) ) )
  '  |____| .__|_| |_|_| |_\__, | / / / /
 =========|_|==============|___/=/_/_/_/

 :: Spring Boot ::                (v3.3.4)

2026-05-04T17:31:02.974+08:00  INFO 37788 --- [ecommerce-dashboard] [           main] org.example.Main                         : Starting Main using Java 22.0.2 with PID 37788 (C:\Users\zeihai\Desktop\code\ecommerce-springcloud\ecommerce-dashboard\target\ecommerce-dashboard-1.0-SNAPSHOT.jar started by zeihai in C:\Users\zeihai\Desktop\code\ecommerce-springcloud\ecommerce-dashboard\target)
2026-05-04T17:31:02.981+08:00  INFO 37788 --- [ecommerce-dashboard] [           main] org.example.Main                         : No active profile set, falling back to 1 default profile: "default"
2026-05-04T17:31:03.142+08:00  WARN 37788 --- [ecommerce-dashboard] [           main] c.a.c.n.c.NacosConfigDataLoader          : [Nacos Config] config[dataId=ecommerce-dashboard.yaml, group=ECOMMERCE_DEV] is empty
2026-05-04T17:31:03.143+08:00  WARN 37788 --- [ecommerce-dashboard] [           main] c.a.c.n.c.NacosConfigDataLoader          : [Nacos Config] config[dataId=ecommerce-common.yaml, group=ECOMMERCE_DEV] is empty
2026-05-04T17:31:06.900+08:00  INFO 37788 --- [ecommerce-dashboard] [           main] o.s.cloud.context.scope.GenericScope     : BeanFactory id=ce4e22d5-b984-3a69-be4b-691f98437272
2026-05-04T17:31:07.952+08:00  INFO 37788 --- [ecommerce-dashboard] [           main] o.s.b.w.embedded.tomcat.TomcatWebServer  : Tomcat initialized with port 8081 (http)
2026-05-04T17:31:07.997+08:00  INFO 37788 --- [ecommerce-dashboard] [           main] o.apache.catalina.core.StandardService   : Starting service [Tomcat]
2026-05-04T17:31:07.997+08:00  INFO 37788 --- [ecommerce-dashboard] [           main] o.apache.catalina.core.StandardEngine    : Starting Servlet engine: [Apache Tomcat/10.1.30]
2026-05-04T17:31:08.100+08:00  INFO 37788 --- [ecommerce-dashboard] [           main] o.a.c.c.C.[Tomcat].[localhost].[/]       : Initializing Spring embedded WebApplicationContext
2026-05-04T17:31:08.102+08:00  INFO 37788 --- [ecommerce-dashboard] [           main] w.s.c.ServletWebServerApplicationContext : Root WebApplicationContext: initialization completed in 4952 ms
2026-05-04T17:31:09.664+08:00  INFO 37788 --- [ecommerce-dashboard] [           main] o.s.cloud.commons.util.InetUtils         : Cannot determine local hostname
2026-05-04T17:31:10.741+08:00  INFO 37788 --- [ecommerce-dashboard] [           main] o.s.cloud.commons.util.InetUtils         : Cannot determine local hostname
2026-05-04T17:31:12.643+08:00  INFO 37788 --- [ecommerce-dashboard] [           main] o.s.b.a.e.web.EndpointLinksResolver      : Exposing 2 endpoints beneath base path '/actuator'
2026-05-04T17:31:12.850+08:00  INFO 37788 --- [ecommerce-dashboard] [           main] o.s.b.w.embedded.tomcat.TomcatWebServer  : Tomcat started on port 8081 (http) with context path '/'
2026-05-04T17:31:13.892+08:00  INFO 37788 --- [ecommerce-dashboard] [           main] o.s.cloud.commons.util.InetUtils         : Cannot determine local hostname
2026-05-04T17:31:13.909+08:00  INFO 37788 --- [ecommerce-dashboard] [           main] com.alibaba.nacos.client.naming          : initializer namespace from ans.namespace attribute : null
2026-05-04T17:31:13.913+08:00  INFO 37788 --- [ecommerce-dashboard] [           main] com.alibaba.nacos.client.naming          : initializer namespace from ALIBABA_ALIWARE_NAMESPACE attribute :null
2026-05-04T17:31:13.915+08:00  INFO 37788 --- [ecommerce-dashboard] [           main] com.alibaba.nacos.client.naming          : initializer namespace from namespace attribute :null
2026-05-04T17:31:13.931+08:00  INFO 37788 --- [ecommerce-dashboard] [           main] com.alibaba.nacos.client.naming          : FailoverDataSource type is class com.alibaba.nacos.client.naming.backups.datasource.DiskFailoverDataSource
2026-05-04T17:31:13.943+08:00  INFO 37788 --- [ecommerce-dashboard] [           main] c.a.n.p.a.s.c.ClientAuthPluginManager    : [ClientAuthPluginManager] Load ClientAuthService com.alibaba.nacos.client.auth.impl.NacosClientAuthServiceImpl success.
2026-05-04T17:31:13.944+08:00  INFO 37788 --- [ecommerce-dashboard] [           main] c.a.n.p.a.s.c.ClientAuthPluginManager    : [ClientAuthPluginManager] Load ClientAuthService com.alibaba.nacos.client.auth.ram.RamClientAuthServiceImpl success.
2026-05-04T17:31:13.953+08:00  INFO 37788 --- [ecommerce-dashboard] [           main] com.alibaba.nacos.common.remote.client   : [RpcClientFactory] create a new rpc client of d8f0422b-1860-44c2-8e0b-bc447ff78c1e
2026-05-04T17:31:13.959+08:00  INFO 37788 --- [ecommerce-dashboard] [           main] com.alibaba.nacos.client.naming          : Create naming rpc client for uuid->d8f0422b-1860-44c2-8e0b-bc447ff78c1e
2026-05-04T17:31:13.960+08:00  INFO 37788 --- [ecommerce-dashboard] [           main] com.alibaba.nacos.common.remote.client   : [d8f0422b-1860-44c2-8e0b-bc447ff78c1e] RpcClient init, ServerListFactory = com.alibaba.nacos.client.naming.core.ServerListManager
2026-05-04T17:31:13.960+08:00  INFO 37788 --- [ecommerce-dashboard] [           main] com.alibaba.nacos.common.remote.client   : [d8f0422b-1860-44c2-8e0b-bc447ff78c1e] Registry connection listener to current client:com.alibaba.nacos.client.naming.remote.gprc.redo.NamingGrpcRedoService
2026-05-04T17:31:13.961+08:00  INFO 37788 --- [ecommerce-dashboard] [           main] com.alibaba.nacos.common.remote.client   : [d8f0422b-1860-44c2-8e0b-bc447ff78c1e] Register server push request handler:com.alibaba.nacos.client.naming.remote.gprc.NamingPushRequestHandler
2026-05-04T17:31:13.962+08:00  INFO 37788 --- [ecommerce-dashboard] [           main] com.alibaba.nacos.common.remote.client   : [d8f0422b-1860-44c2-8e0b-bc447ff78c1e] Try to connect to server on start up, server: {serverIp = 'localhost', server main port = 8848}
2026-05-04T17:31:13.963+08:00  INFO 37788 --- [ecommerce-dashboard] [           main] c.a.n.c.remote.client.grpc.GrpcClient    : grpc client connection server:localhost ip,serverPort:9848,grpcTslConfig:{"sslProvider":"","enableTls":false,"mutualAuthEnable":false,"trustAll":false}
2026-05-04T17:31:14.015+08:00  INFO 37788 --- [ecommerce-dashboard] [           main] com.alibaba.nacos.common.remote.client   : [d8f0422b-1860-44c2-8e0b-bc447ff78c1e] Success to connect to server [localhost:8848] on start up, connectionId = 1777887073980_172.17.0.1_36210
2026-05-04T17:31:14.015+08:00  INFO 37788 --- [ecommerce-dashboard] [           main] com.alibaba.nacos.common.remote.client   : [d8f0422b-1860-44c2-8e0b-bc447ff78c1e] Register server push request handler:com.alibaba.nacos.common.remote.client.RpcClient$ConnectResetRequestHandler
2026-05-04T17:31:14.015+08:00  INFO 37788 --- [ecommerce-dashboard] [           main] com.alibaba.nacos.common.remote.client   : [d8f0422b-1860-44c2-8e0b-bc447ff78c1e] Register server push request handler:com.alibaba.nacos.common.remote.client.RpcClient$$Lambda/0x0000022e5035e890
2026-05-04T17:31:14.015+08:00  INFO 37788 --- [ecommerce-dashboard] [remote.worker.0] com.alibaba.nacos.common.remote.client   : [d8f0422b-1860-44c2-8e0b-bc447ff78c1e] Notify connected event to listeners.
2026-05-04T17:31:14.017+08:00  INFO 37788 --- [ecommerce-dashboard] [remote.worker.0] com.alibaba.nacos.client.naming          : Grpc connection connect
2026-05-04T17:31:14.021+08:00  INFO 37788 --- [ecommerce-dashboard] [           main] com.alibaba.nacos.client.naming          : [REGISTER-SERVICE] public registering service ecommerce-dashboard with instance Instance{instanceId='null', ip='192.168.30.1', port=8081, weight=1.0, healthy=true, enabled=true, ephemeral=true, clusterName='DEFAULT', serviceName='null', metadata={IPv6=null, preserved.register.source=SPRING_CLOUD}}
2026-05-04T17:31:14.106+08:00  INFO 37788 --- [ecommerce-dashboard] [           main] c.a.c.n.registry.NacosServiceRegistry    : nacos registry, DEFAULT_GROUP ecommerce-dashboard 192.168.30.1:8081 register finished
2026-05-04T17:31:14.142+08:00  INFO 37788 --- [ecommerce-dashboard] [           main] org.example.Main                         : Started Main in 17.667 seconds (process running for 18.742)
2026-05-04T17:31:14.414+08:00  INFO 37788 --- [ecommerce-dashboard] [           main] c.a.nacos.client.config.impl.CacheData   : config listener notify warn timeout millis use default 60000 millis 
2026-05-04T17:31:14.414+08:00  INFO 37788 --- [ecommerce-dashboard] [           main] c.a.nacos.client.config.impl.CacheData   : nacos.cache.data.init.snapshot = true 
2026-05-04T17:31:14.414+08:00  INFO 37788 --- [ecommerce-dashboard] [           main] c.a.n.client.config.impl.ClientWorker    : [fixed-localhost_8848] [subscribe] ecommerce-common.yaml+ECOMMERCE_DEV
2026-05-04T17:31:14.440+08:00  INFO 37788 --- [ecommerce-dashboard] [           main] c.a.nacos.client.config.impl.CacheData   : [fixed-localhost_8848] [add-listener] ok, tenant=, dataId=ecommerce-common.yaml, group=ECOMMERCE_DEV, cnt=1
2026-05-04T17:31:14.441+08:00  INFO 37788 --- [ecommerce-dashboard] [           main] c.a.c.n.refresh.NacosContextRefresher    : [Nacos Config] Listening config: dataId=ecommerce-common.yaml, group=ECOMMERCE_DEV
2026-05-04T17:31:14.441+08:00  INFO 37788 --- [ecommerce-dashboard] [           main] c.a.n.client.config.impl.ClientWorker    : [fixed-localhost_8848] [subscribe] ecommerce-dashboard.yaml+ECOMMERCE_DEV
2026-05-04T17:31:14.441+08:00  INFO 37788 --- [ecommerce-dashboard] [           main] c.a.nacos.client.config.impl.CacheData   : [fixed-localhost_8848] [add-listener] ok, tenant=, dataId=ecommerce-dashboard.yaml, group=ECOMMERCE_DEV, cnt=1
2026-05-04T17:31:14.441+08:00  INFO 37788 --- [ecommerce-dashboard] [           main] c.a.c.n.refresh.NacosContextRefresher    : [Nacos Config] Listening config: dataId=ecommerce-dashboard.yaml, group=ECOMMERCE_DEV
2026-05-04T17:32:49.143+08:00  INFO 37788 --- [ecommerce-dashboard] [nio-8081-exec-1] o.a.c.c.C.[Tomcat].[localhost].[/]       : Initializing Spring DispatcherServlet 'dispatcherServlet'
2026-05-04T17:32:49.144+08:00  INFO 37788 --- [ecommerce-dashboard] [nio-8081-exec-1] o.s.web.servlet.DispatcherServlet        : Initializing Servlet 'dispatcherServlet'
2026-05-04T17:32:49.145+08:00  INFO 37788 --- [ecommerce-dashboard] [nio-8081-exec-1] o.s.web.servlet.DispatcherServlet        : Completed initialization in 1 ms
2026-05-04T17:32:49.275+08:00  INFO 37788 --- [ecommerce-dashboard] [nio-8081-exec-1] com.alibaba.nacos.client.naming          : [SUBSCRIBE-SERVICE] service:ecommerce-merchant-service, group:DEFAULT_GROUP, clusters: 
2026-05-04T17:32:49.276+08:00  INFO 37788 --- [ecommerce-dashboard] [nio-8081-exec-1] com.alibaba.nacos.client.naming          : [GRPC-SUBSCRIBE] service:ecommerce-merchant-service, group:DEFAULT_GROUP, cluster: 
2026-05-04T17:32:49.309+08:00  INFO 37788 --- [ecommerce-dashboard] [nio-8081-exec-1] com.alibaba.nacos.client.naming          : init new ips(1) service: DEFAULT_GROUP@@ecommerce-merchant-service -> [{"instanceId":"192.168.30.1#8084#DEFAULT#DEFAULT_GROUP@@ecommerce-merchant-service","ip":"192.168.30.1","port":8084,"weight":1.0,"healthy":true,"enabled":true,"ephemeral":true,"clusterName":"DEFAULT","serviceName":"DEFAULT_GROUP@@ecommerce-merchant-service","metadata":{"preserved.register.source":"SPRING_CLOUD"},"instanceHeartBeatInterval":5000,"instanceHeartBeatTimeOut":15000,"ipDeleteTimeout":30000}]
2026-05-04T17:32:49.314+08:00  INFO 37788 --- [ecommerce-dashboard] [nio-8081-exec-1] com.alibaba.nacos.client.naming          : current ips:(1) service: DEFAULT_GROUP@@ecommerce-merchant-service -> [{"instanceId":"192.168.30.1#8084#DEFAULT#DEFAULT_GROUP@@ecommerce-merchant-service","ip":"192.168.30.1","port":8084,"weight":1.0,"healthy":true,"enabled":true,"ephemeral":true,"clusterName":"DEFAULT","serviceName":"DEFAULT_GROUP@@ecommerce-merchant-service","metadata":{"preserved.register.source":"SPRING_CLOUD"},"instanceHeartBeatInterval":5000,"instanceHeartBeatTimeOut":15000,"ipDeleteTimeout":30000}]
2026-05-04T17:32:49.542+08:00  INFO 37788 --- [ecommerce-dashboard] [nio-8081-exec-1] com.alibaba.nacos.client.naming          : [SUBSCRIBE-SERVICE] service:ecommerce-user-service, group:DEFAULT_GROUP, clusters: 
2026-05-04T17:32:49.542+08:00  INFO 37788 --- [ecommerce-dashboard] [nio-8081-exec-1] com.alibaba.nacos.client.naming          : [GRPC-SUBSCRIBE] service:ecommerce-user-service, group:DEFAULT_GROUP, cluster: 
2026-05-04T17:32:49.551+08:00  INFO 37788 --- [ecommerce-dashboard] [nio-8081-exec-1] com.alibaba.nacos.client.naming          : init new ips(1) service: DEFAULT_GROUP@@ecommerce-user-service -> [{"instanceId":"192.168.30.1#8083#DEFAULT#DEFAULT_GROUP@@ecommerce-user-service","ip":"192.168.30.1","port":8083,"weight":1.0,"healthy":true,"enabled":true,"ephemeral":true,"clusterName":"DEFAULT","serviceName":"DEFAULT_GROUP@@ecommerce-user-service","metadata":{"preserved.register.source":"SPRING_CLOUD"},"instanceHeartBeatInterval":5000,"instanceHeartBeatTimeOut":15000,"ipDeleteTimeout":30000}]
2026-05-04T17:32:49.551+08:00  INFO 37788 --- [ecommerce-dashboard] [nio-8081-exec-1] com.alibaba.nacos.client.naming          : current ips:(1) service: DEFAULT_GROUP@@ecommerce-user-service -> [{"instanceId":"192.168.30.1#8083#DEFAULT#DEFAULT_GROUP@@ecommerce-user-service","ip":"192.168.30.1","port":8083,"weight":1.0,"healthy":true,"enabled":true,"ephemeral":true,"clusterName":"DEFAULT","serviceName":"DEFAULT_GROUP@@ecommerce-user-service","metadata":{"preserved.register.source":"SPRING_CLOUD"},"instanceHeartBeatInterval":5000,"instanceHeartBeatTimeOut":15000,"ipDeleteTimeout":30000}]
2026-05-04T17:32:49.850+08:00  INFO 37788 --- [ecommerce-dashboard] [or-localhost-28] com.alibaba.nacos.common.remote.client   : [d8f0422b-1860-44c2-8e0b-bc447ff78c1e] Receive server push request, request = NotifySubscriberRequest, requestId = 9
2026-05-04T17:32:49.852+08:00  INFO 37788 --- [ecommerce-dashboard] [or-localhost-28] com.alibaba.nacos.common.remote.client   : [d8f0422b-1860-44c2-8e0b-bc447ff78c1e] Ack server push request, request = NotifySubscriberRequest, requestId = 9
2026-05-04T17:32:50.146+08:00  INFO 37788 --- [ecommerce-dashboard] [or-localhost-29] com.alibaba.nacos.common.remote.client   : [d8f0422b-1860-44c2-8e0b-bc447ff78c1e] Receive server push request, request = NotifySubscriberRequest, requestId = 10
2026-05-04T17:32:50.146+08:00  INFO 37788 --- [ecommerce-dashboard] [or-localhost-29] com.alibaba.nacos.common.remote.client   : [d8f0422b-1860-44c2-8e0b-bc447ff78c1e] Ack server push request, request = NotifySubscriberRequest, requestId = 10
2026-05-04T17:46:39.331+08:00  INFO 37788 --- [ecommerce-dashboard] [r-localhost-187] com.alibaba.nacos.common.remote.client   : [d8f0422b-1860-44c2-8e0b-bc447ff78c1e] Receive server push request, request = NotifySubscriberRequest, requestId = 12
2026-05-04T17:46:39.334+08:00  INFO 37788 --- [ecommerce-dashboard] [r-localhost-187] com.alibaba.nacos.client.naming          : removed ips(1) service: DEFAULT_GROUP@@ecommerce-user-service -> [{"instanceId":"192.168.30.1#8083#DEFAULT#DEFAULT_GROUP@@ecommerce-user-service","ip":"192.168.30.1","port":8083,"weight":1.0,"healthy":true,"enabled":true,"ephemeral":true,"clusterName":"DEFAULT","serviceName":"DEFAULT_GROUP@@ecommerce-user-service","metadata":{"preserved.register.source":"SPRING_CLOUD"},"instanceHeartBeatInterval":5000,"instanceHeartBeatTimeOut":15000,"ipDeleteTimeout":30000}]
2026-05-04T17:46:39.335+08:00  INFO 37788 --- [ecommerce-dashboard] [r-localhost-187] com.alibaba.nacos.client.naming          : current ips:(0) service: DEFAULT_GROUP@@ecommerce-user-service -> []
2026-05-04T17:46:39.350+08:00  INFO 37788 --- [ecommerce-dashboard] [r-localhost-187] com.alibaba.nacos.common.remote.client   : [d8f0422b-1860-44c2-8e0b-bc447ff78c1e] Ack server push request, request = NotifySubscriberRequest, requestId = 12
