
  .   ____          _            __ _ _
 /\\ / ___'_ __ _ _(_)_ __  __ _ \ \ \ \
( ( )\___ | '_ | '_| | '_ \/ _` | \ \ \ \
 \\/  ___)| |_)| | | | | || (_| |  ) ) ) )
  '  |____| .__|_| |_|_| |_\__, | / / / /
 =========|_|==============|___/=/_/_/_/

 :: Spring Boot ::                (v3.3.4)

2026-05-04T17:31:03.622+08:00  INFO 26476 --- [ecommerce-cart-service] [           main] org.example.cart.Main                    : Starting Main using Java 22.0.2 with PID 26476 (C:\Users\zeihai\Desktop\code\ecommerce-springcloud\ecommerce-cart-service\target\ecommerce-cart-service-1.0-SNAPSHOT.jar started by zeihai in C:\Users\zeihai\Desktop\code\ecommerce-springcloud\ecommerce-cart-service\target)
2026-05-04T17:31:03.630+08:00  INFO 26476 --- [ecommerce-cart-service] [           main] org.example.cart.Main                    : No active profile set, falling back to 1 default profile: "default"
2026-05-04T17:31:03.780+08:00  WARN 26476 --- [ecommerce-cart-service] [           main] c.a.c.n.c.NacosConfigDataLoader          : [Nacos Config] config[dataId=ecommerce-cart-service.yaml, group=ECOMMERCE_DEV] is empty
2026-05-04T17:31:03.780+08:00  WARN 26476 --- [ecommerce-cart-service] [           main] c.a.c.n.c.NacosConfigDataLoader          : [Nacos Config] config[dataId=ecommerce-common.yaml, group=ECOMMERCE_DEV] is empty
2026-05-04T17:31:07.537+08:00  INFO 26476 --- [ecommerce-cart-service] [           main] .s.d.r.c.RepositoryConfigurationDelegate : Multiple Spring Data modules found, entering strict repository configuration mode
2026-05-04T17:31:07.546+08:00  INFO 26476 --- [ecommerce-cart-service] [           main] .s.d.r.c.RepositoryConfigurationDelegate : Bootstrapping Spring Data Redis repositories in DEFAULT mode.
2026-05-04T17:31:07.664+08:00  INFO 26476 --- [ecommerce-cart-service] [           main] .s.d.r.c.RepositoryConfigurationDelegate : Finished Spring Data repository scanning in 60 ms. Found 0 Redis repository interfaces.
2026-05-04T17:31:08.224+08:00  INFO 26476 --- [ecommerce-cart-service] [           main] o.s.cloud.context.scope.GenericScope     : BeanFactory id=0db7c8fa-e9d3-36b7-aee2-c2c94e7a3c16
2026-05-04T17:31:09.576+08:00  INFO 26476 --- [ecommerce-cart-service] [           main] o.s.b.w.embedded.tomcat.TomcatWebServer  : Tomcat initialized with port 8085 (http)
2026-05-04T17:31:09.629+08:00  INFO 26476 --- [ecommerce-cart-service] [           main] o.apache.catalina.core.StandardService   : Starting service [Tomcat]
2026-05-04T17:31:09.630+08:00  INFO 26476 --- [ecommerce-cart-service] [           main] o.apache.catalina.core.StandardEngine    : Starting Servlet engine: [Apache Tomcat/10.1.30]
2026-05-04T17:31:09.752+08:00  INFO 26476 --- [ecommerce-cart-service] [           main] o.a.c.c.C.[Tomcat].[localhost].[/]       : Initializing Spring embedded WebApplicationContext
2026-05-04T17:31:09.754+08:00  INFO 26476 --- [ecommerce-cart-service] [           main] w.s.c.ServletWebServerApplicationContext : Root WebApplicationContext: initialization completed in 5967 ms
2026-05-04T17:31:13.590+08:00  INFO 26476 --- [ecommerce-cart-service] [           main] o.s.cloud.commons.util.InetUtils         : Cannot determine local hostname
2026-05-04T17:31:14.660+08:00  INFO 26476 --- [ecommerce-cart-service] [           main] o.s.cloud.commons.util.InetUtils         : Cannot determine local hostname
2026-05-04T17:31:14.865+08:00  WARN 26476 --- [ecommerce-cart-service] [           main] .s.s.UserDetailsServiceAutoConfiguration : 

Using generated security password: 751a2600-7c30-44ab-84e0-c7f035674f8b

This generated password is for development use only. Your security configuration must be updated before running your application in production.

2026-05-04T17:31:14.882+08:00  INFO 26476 --- [ecommerce-cart-service] [           main] r$InitializeUserDetailsManagerConfigurer : Global AuthenticationManager configured with UserDetailsService bean with name inMemoryUserDetailsManager
2026-05-04T17:31:15.663+08:00  INFO 26476 --- [ecommerce-cart-service] [           main] o.s.b.a.e.web.EndpointLinksResolver      : Exposing 2 endpoints beneath base path '/actuator'
2026-05-04T17:31:16.705+08:00  INFO 26476 --- [ecommerce-cart-service] [           main] o.s.b.w.embedded.tomcat.TomcatWebServer  : Tomcat started on port 8085 (http) with context path '/'
2026-05-04T17:31:17.733+08:00  INFO 26476 --- [ecommerce-cart-service] [           main] o.s.cloud.commons.util.InetUtils         : Cannot determine local hostname
2026-05-04T17:31:17.749+08:00  INFO 26476 --- [ecommerce-cart-service] [           main] com.alibaba.nacos.client.naming          : initializer namespace from ans.namespace attribute : null
2026-05-04T17:31:17.752+08:00  INFO 26476 --- [ecommerce-cart-service] [           main] com.alibaba.nacos.client.naming          : initializer namespace from ALIBABA_ALIWARE_NAMESPACE attribute :null
2026-05-04T17:31:17.752+08:00  INFO 26476 --- [ecommerce-cart-service] [           main] com.alibaba.nacos.client.naming          : initializer namespace from namespace attribute :null
2026-05-04T17:31:17.767+08:00  INFO 26476 --- [ecommerce-cart-service] [           main] com.alibaba.nacos.client.naming          : FailoverDataSource type is class com.alibaba.nacos.client.naming.backups.datasource.DiskFailoverDataSource
2026-05-04T17:31:17.778+08:00  INFO 26476 --- [ecommerce-cart-service] [           main] c.a.n.p.a.s.c.ClientAuthPluginManager    : [ClientAuthPluginManager] Load ClientAuthService com.alibaba.nacos.client.auth.impl.NacosClientAuthServiceImpl success.
2026-05-04T17:31:17.780+08:00  INFO 26476 --- [ecommerce-cart-service] [           main] c.a.n.p.a.s.c.ClientAuthPluginManager    : [ClientAuthPluginManager] Load ClientAuthService com.alibaba.nacos.client.auth.ram.RamClientAuthServiceImpl success.
2026-05-04T17:31:17.790+08:00  INFO 26476 --- [ecommerce-cart-service] [           main] com.alibaba.nacos.common.remote.client   : [RpcClientFactory] create a new rpc client of 86c737c8-a015-4b20-8f8b-2273c33c7757
2026-05-04T17:31:17.793+08:00  INFO 26476 --- [ecommerce-cart-service] [           main] com.alibaba.nacos.client.naming          : Create naming rpc client for uuid->86c737c8-a015-4b20-8f8b-2273c33c7757
2026-05-04T17:31:17.793+08:00  INFO 26476 --- [ecommerce-cart-service] [           main] com.alibaba.nacos.common.remote.client   : [86c737c8-a015-4b20-8f8b-2273c33c7757] RpcClient init, ServerListFactory = com.alibaba.nacos.client.naming.core.ServerListManager
2026-05-04T17:31:17.793+08:00  INFO 26476 --- [ecommerce-cart-service] [           main] com.alibaba.nacos.common.remote.client   : [86c737c8-a015-4b20-8f8b-2273c33c7757] Registry connection listener to current client:com.alibaba.nacos.client.naming.remote.gprc.redo.NamingGrpcRedoService
2026-05-04T17:31:17.796+08:00  INFO 26476 --- [ecommerce-cart-service] [           main] com.alibaba.nacos.common.remote.client   : [86c737c8-a015-4b20-8f8b-2273c33c7757] Register server push request handler:com.alibaba.nacos.client.naming.remote.gprc.NamingPushRequestHandler
2026-05-04T17:31:17.797+08:00  INFO 26476 --- [ecommerce-cart-service] [           main] com.alibaba.nacos.common.remote.client   : [86c737c8-a015-4b20-8f8b-2273c33c7757] Try to connect to server on start up, server: {serverIp = 'localhost', server main port = 8848}
2026-05-04T17:31:17.797+08:00  INFO 26476 --- [ecommerce-cart-service] [           main] c.a.n.c.remote.client.grpc.GrpcClient    : grpc client connection server:localhost ip,serverPort:9848,grpcTslConfig:{"sslProvider":"","enableTls":false,"mutualAuthEnable":false,"trustAll":false}
2026-05-04T17:31:17.869+08:00  INFO 26476 --- [ecommerce-cart-service] [           main] com.alibaba.nacos.common.remote.client   : [86c737c8-a015-4b20-8f8b-2273c33c7757] Success to connect to server [localhost:8848] on start up, connectionId = 1777887077814_172.17.0.1_36214
2026-05-04T17:31:17.869+08:00  INFO 26476 --- [ecommerce-cart-service] [           main] com.alibaba.nacos.common.remote.client   : [86c737c8-a015-4b20-8f8b-2273c33c7757] Register server push request handler:com.alibaba.nacos.common.remote.client.RpcClient$ConnectResetRequestHandler
2026-05-04T17:31:17.870+08:00  INFO 26476 --- [ecommerce-cart-service] [remote.worker.0] com.alibaba.nacos.common.remote.client   : [86c737c8-a015-4b20-8f8b-2273c33c7757] Notify connected event to listeners.
2026-05-04T17:31:17.870+08:00  INFO 26476 --- [ecommerce-cart-service] [           main] com.alibaba.nacos.common.remote.client   : [86c737c8-a015-4b20-8f8b-2273c33c7757] Register server push request handler:com.alibaba.nacos.common.remote.client.RpcClient$$Lambda/0x000001a3d935aa28
2026-05-04T17:31:17.870+08:00  INFO 26476 --- [ecommerce-cart-service] [remote.worker.0] com.alibaba.nacos.client.naming          : Grpc connection connect
2026-05-04T17:31:17.871+08:00  INFO 26476 --- [ecommerce-cart-service] [           main] com.alibaba.nacos.client.naming          : [REGISTER-SERVICE] public registering service ecommerce-cart-service with instance Instance{instanceId='null', ip='192.168.30.1', port=8085, weight=1.0, healthy=true, enabled=true, ephemeral=true, clusterName='DEFAULT', serviceName='null', metadata={IPv6=null, preserved.register.source=SPRING_CLOUD}}
2026-05-04T17:31:17.927+08:00  INFO 26476 --- [ecommerce-cart-service] [           main] c.a.c.n.registry.NacosServiceRegistry    : nacos registry, DEFAULT_GROUP ecommerce-cart-service 192.168.30.1:8085 register finished
2026-05-04T17:31:17.964+08:00  INFO 26476 --- [ecommerce-cart-service] [           main] org.example.cart.Main                    : Started Main in 20.863 seconds (process running for 22.188)
2026-05-04T17:31:18.180+08:00  INFO 26476 --- [ecommerce-cart-service] [           main] c.a.nacos.client.config.impl.CacheData   : config listener notify warn timeout millis use default 60000 millis 
2026-05-04T17:31:18.180+08:00  INFO 26476 --- [ecommerce-cart-service] [           main] c.a.nacos.client.config.impl.CacheData   : nacos.cache.data.init.snapshot = true 
2026-05-04T17:31:18.182+08:00  INFO 26476 --- [ecommerce-cart-service] [           main] c.a.n.client.config.impl.ClientWorker    : [fixed-localhost_8848] [subscribe] ecommerce-common.yaml+ECOMMERCE_DEV
2026-05-04T17:31:18.209+08:00  INFO 26476 --- [ecommerce-cart-service] [           main] c.a.nacos.client.config.impl.CacheData   : [fixed-localhost_8848] [add-listener] ok, tenant=, dataId=ecommerce-common.yaml, group=ECOMMERCE_DEV, cnt=1
2026-05-04T17:31:18.210+08:00  INFO 26476 --- [ecommerce-cart-service] [           main] c.a.c.n.refresh.NacosContextRefresher    : [Nacos Config] Listening config: dataId=ecommerce-common.yaml, group=ECOMMERCE_DEV
2026-05-04T17:31:18.210+08:00  INFO 26476 --- [ecommerce-cart-service] [           main] c.a.n.client.config.impl.ClientWorker    : [fixed-localhost_8848] [subscribe] ecommerce-cart-service.yaml+ECOMMERCE_DEV
2026-05-04T17:31:18.211+08:00  INFO 26476 --- [ecommerce-cart-service] [           main] c.a.nacos.client.config.impl.CacheData   : [fixed-localhost_8848] [add-listener] ok, tenant=, dataId=ecommerce-cart-service.yaml, group=ECOMMERCE_DEV, cnt=1
2026-05-04T17:31:18.211+08:00  INFO 26476 --- [ecommerce-cart-service] [           main] c.a.c.n.refresh.NacosContextRefresher    : [Nacos Config] Listening config: dataId=ecommerce-cart-service.yaml, group=ECOMMERCE_DEV
2026-05-04T17:32:48.290+08:00  INFO 26476 --- [ecommerce-cart-service] [nio-8085-exec-3] o.a.c.c.C.[Tomcat].[localhost].[/]       : Initializing Spring DispatcherServlet 'dispatcherServlet'
2026-05-04T17:32:48.291+08:00  INFO 26476 --- [ecommerce-cart-service] [nio-8085-exec-3] o.s.web.servlet.DispatcherServlet        : Initializing Servlet 'dispatcherServlet'
2026-05-04T17:32:48.293+08:00  INFO 26476 --- [ecommerce-cart-service] [nio-8085-exec-3] o.s.web.servlet.DispatcherServlet        : Completed initialization in 1 ms
