
  .   ____          _            __ _ _
 /\\ / ___'_ __ _ _(_)_ __  __ _ \ \ \ \
( ( )\___ | '_ | '_| | '_ \/ _` | \ \ \ \
 \\/  ___)| |_)| | | | | || (_| |  ) ) ) )
  '  |____| .__|_| |_|_| |_\__, | / / / /
 =========|_|==============|___/=/_/_/_/

 :: Spring Boot ::                (v3.3.4)

2026-05-04T17:31:04.714+08:00  INFO 34836 --- [ecommerce-order-service] [           main] org.example.order.Main                   : Starting Main using Java 22.0.2 with PID 34836 (C:\Users\zeihai\Desktop\code\ecommerce-springcloud\ecommerce-order-service\target\ecommerce-order-service-1.0-SNAPSHOT.jar started by zeihai in C:\Users\zeihai\Desktop\code\ecommerce-springcloud\ecommerce-order-service\target)
2026-05-04T17:31:04.721+08:00  INFO 34836 --- [ecommerce-order-service] [           main] org.example.order.Main                   : No active profile set, falling back to 1 default profile: "default"
2026-05-04T17:31:04.913+08:00  WARN 34836 --- [ecommerce-order-service] [           main] c.a.c.n.c.NacosConfigDataLoader          : [Nacos Config] config[dataId=ecommerce-order-service.yaml, group=ECOMMERCE_DEV] is empty
2026-05-04T17:31:04.914+08:00  WARN 34836 --- [ecommerce-order-service] [           main] c.a.c.n.c.NacosConfigDataLoader          : [Nacos Config] config[dataId=ecommerce-common.yaml, group=ECOMMERCE_DEV] is empty
2026-05-04T17:31:09.016+08:00  INFO 34836 --- [ecommerce-order-service] [           main] o.s.cloud.context.scope.GenericScope     : BeanFactory id=3da3dacd-37c3-31dc-bc08-8d93c8e2de5b
2026-05-04T17:31:10.361+08:00  INFO 34836 --- [ecommerce-order-service] [           main] o.s.b.w.embedded.tomcat.TomcatWebServer  : Tomcat initialized with port 8087 (http)
2026-05-04T17:31:10.421+08:00  INFO 34836 --- [ecommerce-order-service] [           main] o.apache.catalina.core.StandardService   : Starting service [Tomcat]
2026-05-04T17:31:10.424+08:00  INFO 34836 --- [ecommerce-order-service] [           main] o.apache.catalina.core.StandardEngine    : Starting Servlet engine: [Apache Tomcat/10.1.30]
2026-05-04T17:31:10.584+08:00  INFO 34836 --- [ecommerce-order-service] [           main] o.a.c.c.C.[Tomcat].[localhost].[/]       : Initializing Spring embedded WebApplicationContext
2026-05-04T17:31:10.588+08:00  INFO 34836 --- [ecommerce-order-service] [           main] w.s.c.ServletWebServerApplicationContext : Root WebApplicationContext: initialization completed in 5664 ms
2026-05-04T17:31:12.621+08:00  INFO 34836 --- [ecommerce-order-service] [           main] com.zaxxer.hikari.HikariDataSource       : HikariPool-1 - Starting...
2026-05-04T17:31:13.143+08:00  INFO 34836 --- [ecommerce-order-service] [           main] com.zaxxer.hikari.pool.HikariPool        : HikariPool-1 - Added connection com.mysql.cj.jdbc.ConnectionImpl@1b3bb287
2026-05-04T17:31:13.148+08:00  INFO 34836 --- [ecommerce-order-service] [           main] com.zaxxer.hikari.HikariDataSource       : HikariPool-1 - Start completed.
2026-05-04T17:31:15.168+08:00  INFO 34836 --- [ecommerce-order-service] [           main] o.s.cloud.commons.util.InetUtils         : Cannot determine local hostname
2026-05-04T17:31:16.228+08:00  INFO 34836 --- [ecommerce-order-service] [           main] o.s.cloud.commons.util.InetUtils         : Cannot determine local hostname
2026-05-04T17:31:17.880+08:00  INFO 34836 --- [ecommerce-order-service] [           main] o.s.b.a.e.web.EndpointLinksResolver      : Exposing 2 endpoints beneath base path '/actuator'
2026-05-04T17:31:18.175+08:00  INFO 34836 --- [ecommerce-order-service] [           main] o.s.b.w.embedded.tomcat.TomcatWebServer  : Tomcat started on port 8087 (http) with context path '/'
2026-05-04T17:31:19.203+08:00  INFO 34836 --- [ecommerce-order-service] [           main] o.s.cloud.commons.util.InetUtils         : Cannot determine local hostname
2026-05-04T17:31:19.217+08:00  INFO 34836 --- [ecommerce-order-service] [           main] com.alibaba.nacos.client.naming          : initializer namespace from ans.namespace attribute : null
2026-05-04T17:31:19.220+08:00  INFO 34836 --- [ecommerce-order-service] [           main] com.alibaba.nacos.client.naming          : initializer namespace from ALIBABA_ALIWARE_NAMESPACE attribute :null
2026-05-04T17:31:19.220+08:00  INFO 34836 --- [ecommerce-order-service] [           main] com.alibaba.nacos.client.naming          : initializer namespace from namespace attribute :null
2026-05-04T17:31:19.230+08:00  INFO 34836 --- [ecommerce-order-service] [           main] com.alibaba.nacos.client.naming          : FailoverDataSource type is class com.alibaba.nacos.client.naming.backups.datasource.DiskFailoverDataSource
2026-05-04T17:31:19.241+08:00  INFO 34836 --- [ecommerce-order-service] [           main] c.a.n.p.a.s.c.ClientAuthPluginManager    : [ClientAuthPluginManager] Load ClientAuthService com.alibaba.nacos.client.auth.impl.NacosClientAuthServiceImpl success.
2026-05-04T17:31:19.241+08:00  INFO 34836 --- [ecommerce-order-service] [           main] c.a.n.p.a.s.c.ClientAuthPluginManager    : [ClientAuthPluginManager] Load ClientAuthService com.alibaba.nacos.client.auth.ram.RamClientAuthServiceImpl success.
2026-05-04T17:31:19.251+08:00  INFO 34836 --- [ecommerce-order-service] [           main] com.alibaba.nacos.common.remote.client   : [RpcClientFactory] create a new rpc client of 84158bc9-7b67-4057-8584-fb945ffdee10
2026-05-04T17:31:19.260+08:00  INFO 34836 --- [ecommerce-order-service] [           main] com.alibaba.nacos.client.naming          : Create naming rpc client for uuid->84158bc9-7b67-4057-8584-fb945ffdee10
2026-05-04T17:31:19.260+08:00  INFO 34836 --- [ecommerce-order-service] [           main] com.alibaba.nacos.common.remote.client   : [84158bc9-7b67-4057-8584-fb945ffdee10] RpcClient init, ServerListFactory = com.alibaba.nacos.client.naming.core.ServerListManager
2026-05-04T17:31:19.260+08:00  INFO 34836 --- [ecommerce-order-service] [           main] com.alibaba.nacos.common.remote.client   : [84158bc9-7b67-4057-8584-fb945ffdee10] Registry connection listener to current client:com.alibaba.nacos.client.naming.remote.gprc.redo.NamingGrpcRedoService
2026-05-04T17:31:19.261+08:00  INFO 34836 --- [ecommerce-order-service] [           main] com.alibaba.nacos.common.remote.client   : [84158bc9-7b67-4057-8584-fb945ffdee10] Register server push request handler:com.alibaba.nacos.client.naming.remote.gprc.NamingPushRequestHandler
2026-05-04T17:31:19.261+08:00  INFO 34836 --- [ecommerce-order-service] [           main] com.alibaba.nacos.common.remote.client   : [84158bc9-7b67-4057-8584-fb945ffdee10] Try to connect to server on start up, server: {serverIp = 'localhost', server main port = 8848}
2026-05-04T17:31:19.261+08:00  INFO 34836 --- [ecommerce-order-service] [           main] c.a.n.c.remote.client.grpc.GrpcClient    : grpc client connection server:localhost ip,serverPort:9848,grpcTslConfig:{"sslProvider":"","enableTls":false,"mutualAuthEnable":false,"trustAll":false}
2026-05-04T17:31:19.307+08:00  INFO 34836 --- [ecommerce-order-service] [           main] com.alibaba.nacos.common.remote.client   : [84158bc9-7b67-4057-8584-fb945ffdee10] Success to connect to server [localhost:8848] on start up, connectionId = 1777887079273_172.17.0.1_36222
2026-05-04T17:31:19.307+08:00  INFO 34836 --- [ecommerce-order-service] [           main] com.alibaba.nacos.common.remote.client   : [84158bc9-7b67-4057-8584-fb945ffdee10] Register server push request handler:com.alibaba.nacos.common.remote.client.RpcClient$ConnectResetRequestHandler
2026-05-04T17:31:19.307+08:00  INFO 34836 --- [ecommerce-order-service] [           main] com.alibaba.nacos.common.remote.client   : [84158bc9-7b67-4057-8584-fb945ffdee10] Register server push request handler:com.alibaba.nacos.common.remote.client.RpcClient$$Lambda/0x0000027a2235bcb8
2026-05-04T17:31:19.307+08:00  INFO 34836 --- [ecommerce-order-service] [remote.worker.0] com.alibaba.nacos.common.remote.client   : [84158bc9-7b67-4057-8584-fb945ffdee10] Notify connected event to listeners.
2026-05-04T17:31:19.307+08:00  INFO 34836 --- [ecommerce-order-service] [remote.worker.0] com.alibaba.nacos.client.naming          : Grpc connection connect
2026-05-04T17:31:19.308+08:00  INFO 34836 --- [ecommerce-order-service] [           main] com.alibaba.nacos.client.naming          : [REGISTER-SERVICE] public registering service ecommerce-order-service with instance Instance{instanceId='null', ip='192.168.30.1', port=8087, weight=1.0, healthy=true, enabled=true, ephemeral=true, clusterName='DEFAULT', serviceName='null', metadata={IPv6=null, preserved.register.source=SPRING_CLOUD}}
2026-05-04T17:31:19.346+08:00  INFO 34836 --- [ecommerce-order-service] [           main] c.a.c.n.registry.NacosServiceRegistry    : nacos registry, DEFAULT_GROUP ecommerce-order-service 192.168.30.1:8087 register finished
2026-05-04T17:31:19.353+08:00  INFO 34836 --- [ecommerce-order-service] [           main] o.s.a.r.c.CachingConnectionFactory       : Attempting to connect to: [localhost:5672]
2026-05-04T17:31:19.621+08:00  INFO 34836 --- [ecommerce-order-service] [           main] o.s.a.r.c.CachingConnectionFactory       : Created new connection: rabbitConnectionFactory#8afce3:0/SimpleConnection@477906cf [delegate=amqp://ecommerce@127.0.0.1:5672/, localPort=53393]
2026-05-04T17:31:19.994+08:00  INFO 34836 --- [ecommerce-order-service] [           main] org.example.order.Main                   : Started Main in 21.813 seconds (process running for 23.485)
2026-05-04T17:31:20.208+08:00  INFO 34836 --- [ecommerce-order-service] [           main] c.a.nacos.client.config.impl.CacheData   : config listener notify warn timeout millis use default 60000 millis 
2026-05-04T17:31:20.208+08:00  INFO 34836 --- [ecommerce-order-service] [           main] c.a.nacos.client.config.impl.CacheData   : nacos.cache.data.init.snapshot = true 
2026-05-04T17:31:20.210+08:00  INFO 34836 --- [ecommerce-order-service] [           main] c.a.n.client.config.impl.ClientWorker    : [fixed-localhost_8848] [subscribe] ecommerce-order-service.yaml+ECOMMERCE_DEV
2026-05-04T17:31:20.236+08:00  INFO 34836 --- [ecommerce-order-service] [           main] c.a.nacos.client.config.impl.CacheData   : [fixed-localhost_8848] [add-listener] ok, tenant=, dataId=ecommerce-order-service.yaml, group=ECOMMERCE_DEV, cnt=1
2026-05-04T17:31:20.236+08:00  INFO 34836 --- [ecommerce-order-service] [           main] c.a.c.n.refresh.NacosContextRefresher    : [Nacos Config] Listening config: dataId=ecommerce-order-service.yaml, group=ECOMMERCE_DEV
2026-05-04T17:31:20.237+08:00  INFO 34836 --- [ecommerce-order-service] [           main] c.a.n.client.config.impl.ClientWorker    : [fixed-localhost_8848] [subscribe] ecommerce-common.yaml+ECOMMERCE_DEV
2026-05-04T17:31:20.237+08:00  INFO 34836 --- [ecommerce-order-service] [           main] c.a.nacos.client.config.impl.CacheData   : [fixed-localhost_8848] [add-listener] ok, tenant=, dataId=ecommerce-common.yaml, group=ECOMMERCE_DEV, cnt=1
2026-05-04T17:31:20.237+08:00  INFO 34836 --- [ecommerce-order-service] [           main] c.a.c.n.refresh.NacosContextRefresher    : [Nacos Config] Listening config: dataId=ecommerce-common.yaml, group=ECOMMERCE_DEV
2026-05-04T17:32:48.631+08:00  INFO 34836 --- [ecommerce-order-service] [nio-8087-exec-1] o.a.c.c.C.[Tomcat].[localhost].[/]       : Initializing Spring DispatcherServlet 'dispatcherServlet'
2026-05-04T17:32:48.631+08:00  INFO 34836 --- [ecommerce-order-service] [nio-8087-exec-1] o.s.web.servlet.DispatcherServlet        : Initializing Servlet 'dispatcherServlet'
2026-05-04T17:32:48.634+08:00  INFO 34836 --- [ecommerce-order-service] [nio-8087-exec-1] o.s.web.servlet.DispatcherServlet        : Completed initialization in 2 ms
