
  .   ____          _            __ _ _
 /\\ / ___'_ __ _ _(_)_ __  __ _ \ \ \ \
( ( )\___ | '_ | '_| | '_ \/ _` | \ \ \ \
 \\/  ___)| |_)| | | | | || (_| |  ) ) ) )
  '  |____| .__|_| |_|_| |_\__, | / / / /
 =========|_|==============|___/=/_/_/_/

 :: Spring Boot ::                (v3.3.4)

2026-05-04T17:31:04.960+08:00  INFO 42352 --- [ecommerce-payment-service] [           main] org.example.payment.Main                 : Starting Main using Java 22.0.2 with PID 42352 (C:\Users\zeihai\Desktop\code\ecommerce-springcloud\ecommerce-payment-service\target\ecommerce-payment-service-1.0-SNAPSHOT.jar started by zeihai in C:\Users\zeihai\Desktop\code\ecommerce-springcloud\ecommerce-payment-service\target)
2026-05-04T17:31:04.971+08:00  INFO 42352 --- [ecommerce-payment-service] [           main] org.example.payment.Main                 : No active profile set, falling back to 1 default profile: "default"
2026-05-04T17:31:05.105+08:00  WARN 42352 --- [ecommerce-payment-service] [           main] c.a.c.n.c.NacosConfigDataLoader          : [Nacos Config] config[dataId=ecommerce-payment-service.yaml, group=ECOMMERCE_DEV] is empty
2026-05-04T17:31:05.105+08:00  WARN 42352 --- [ecommerce-payment-service] [           main] c.a.c.n.c.NacosConfigDataLoader          : [Nacos Config] config[dataId=ecommerce-common.yaml, group=ECOMMERCE_DEV] is empty
2026-05-04T17:31:08.605+08:00  INFO 42352 --- [ecommerce-payment-service] [           main] .s.d.r.c.RepositoryConfigurationDelegate : Bootstrapping Spring Data JPA repositories in DEFAULT mode.
2026-05-04T17:31:08.768+08:00  INFO 42352 --- [ecommerce-payment-service] [           main] .s.d.r.c.RepositoryConfigurationDelegate : Finished Spring Data repository scanning in 134 ms. Found 1 JPA repository interface.
2026-05-04T17:31:09.346+08:00  INFO 42352 --- [ecommerce-payment-service] [           main] o.s.cloud.context.scope.GenericScope     : BeanFactory id=c5ebe8a3-97df-3b6e-87ef-7cc317a5d881
2026-05-04T17:31:11.735+08:00  INFO 42352 --- [ecommerce-payment-service] [           main] o.s.b.w.embedded.tomcat.TomcatWebServer  : Tomcat initialized with port 8088 (http)
2026-05-04T17:31:11.831+08:00  INFO 42352 --- [ecommerce-payment-service] [           main] o.apache.catalina.core.StandardService   : Starting service [Tomcat]
2026-05-04T17:31:11.832+08:00  INFO 42352 --- [ecommerce-payment-service] [           main] o.apache.catalina.core.StandardEngine    : Starting Servlet engine: [Apache Tomcat/10.1.30]
2026-05-04T17:31:12.140+08:00  INFO 42352 --- [ecommerce-payment-service] [           main] o.a.c.c.C.[Tomcat].[localhost].[/]       : Initializing Spring embedded WebApplicationContext
2026-05-04T17:31:12.143+08:00  INFO 42352 --- [ecommerce-payment-service] [           main] w.s.c.ServletWebServerApplicationContext : Root WebApplicationContext: initialization completed in 7032 ms
2026-05-04T17:31:13.082+08:00  INFO 42352 --- [ecommerce-payment-service] [           main] com.zaxxer.hikari.HikariDataSource       : HikariPool-1 - Starting...
2026-05-04T17:31:13.541+08:00  INFO 42352 --- [ecommerce-payment-service] [           main] com.zaxxer.hikari.pool.HikariPool        : HikariPool-1 - Added connection com.mysql.cj.jdbc.ConnectionImpl@434a8938
2026-05-04T17:31:13.547+08:00  INFO 42352 --- [ecommerce-payment-service] [           main] com.zaxxer.hikari.HikariDataSource       : HikariPool-1 - Start completed.
2026-05-04T17:31:13.837+08:00  INFO 42352 --- [ecommerce-payment-service] [           main] o.hibernate.jpa.internal.util.LogHelper  : HHH000204: Processing PersistenceUnitInfo [name: default]
2026-05-04T17:31:14.073+08:00  INFO 42352 --- [ecommerce-payment-service] [           main] org.hibernate.Version                    : HHH000412: Hibernate ORM core version 6.5.3.Final
2026-05-04T17:31:14.205+08:00  INFO 42352 --- [ecommerce-payment-service] [           main] o.h.c.internal.RegionFactoryInitiator    : HHH000026: Second-level cache disabled
2026-05-04T17:31:15.151+08:00  INFO 42352 --- [ecommerce-payment-service] [           main] o.s.o.j.p.SpringPersistenceUnitInfo      : No LoadTimeWeaver setup: ignoring JPA class transformer
2026-05-04T17:31:17.638+08:00  INFO 42352 --- [ecommerce-payment-service] [           main] o.h.e.t.j.p.i.JtaPlatformInitiator       : HHH000489: No JTA platform available (set 'hibernate.transaction.jta.platform' to enable JTA platform integration)
2026-05-04T17:31:17.646+08:00  INFO 42352 --- [ecommerce-payment-service] [           main] j.LocalContainerEntityManagerFactoryBean : Initialized JPA EntityManagerFactory for persistence unit 'default'
2026-05-04T17:31:20.718+08:00  INFO 42352 --- [ecommerce-payment-service] [           main] o.s.cloud.commons.util.InetUtils         : Cannot determine local hostname
2026-05-04T17:31:21.793+08:00  INFO 42352 --- [ecommerce-payment-service] [           main] o.s.cloud.commons.util.InetUtils         : Cannot determine local hostname
2026-05-04T17:31:23.889+08:00  INFO 42352 --- [ecommerce-payment-service] [           main] o.s.b.a.e.web.EndpointLinksResolver      : Exposing 2 endpoints beneath base path '/actuator'
2026-05-04T17:31:24.056+08:00  INFO 42352 --- [ecommerce-payment-service] [           main] o.s.b.w.embedded.tomcat.TomcatWebServer  : Tomcat started on port 8088 (http) with context path '/'
2026-05-04T17:31:25.084+08:00  INFO 42352 --- [ecommerce-payment-service] [           main] o.s.cloud.commons.util.InetUtils         : Cannot determine local hostname
2026-05-04T17:31:25.098+08:00  INFO 42352 --- [ecommerce-payment-service] [           main] com.alibaba.nacos.client.naming          : initializer namespace from ans.namespace attribute : null
2026-05-04T17:31:25.098+08:00  INFO 42352 --- [ecommerce-payment-service] [           main] com.alibaba.nacos.client.naming          : initializer namespace from ALIBABA_ALIWARE_NAMESPACE attribute :null
2026-05-04T17:31:25.098+08:00  INFO 42352 --- [ecommerce-payment-service] [           main] com.alibaba.nacos.client.naming          : initializer namespace from namespace attribute :null
2026-05-04T17:31:25.113+08:00  INFO 42352 --- [ecommerce-payment-service] [           main] com.alibaba.nacos.client.naming          : FailoverDataSource type is class com.alibaba.nacos.client.naming.backups.datasource.DiskFailoverDataSource
2026-05-04T17:31:25.124+08:00  INFO 42352 --- [ecommerce-payment-service] [           main] c.a.n.p.a.s.c.ClientAuthPluginManager    : [ClientAuthPluginManager] Load ClientAuthService com.alibaba.nacos.client.auth.impl.NacosClientAuthServiceImpl success.
2026-05-04T17:31:25.125+08:00  INFO 42352 --- [ecommerce-payment-service] [           main] c.a.n.p.a.s.c.ClientAuthPluginManager    : [ClientAuthPluginManager] Load ClientAuthService com.alibaba.nacos.client.auth.ram.RamClientAuthServiceImpl success.
2026-05-04T17:31:25.134+08:00  INFO 42352 --- [ecommerce-payment-service] [           main] com.alibaba.nacos.common.remote.client   : [RpcClientFactory] create a new rpc client of 0ef5f9cf-71aa-45f2-afde-c216b2b48528
2026-05-04T17:31:25.140+08:00  INFO 42352 --- [ecommerce-payment-service] [           main] com.alibaba.nacos.client.naming          : Create naming rpc client for uuid->0ef5f9cf-71aa-45f2-afde-c216b2b48528
2026-05-04T17:31:25.140+08:00  INFO 42352 --- [ecommerce-payment-service] [           main] com.alibaba.nacos.common.remote.client   : [0ef5f9cf-71aa-45f2-afde-c216b2b48528] RpcClient init, ServerListFactory = com.alibaba.nacos.client.naming.core.ServerListManager
2026-05-04T17:31:25.140+08:00  INFO 42352 --- [ecommerce-payment-service] [           main] com.alibaba.nacos.common.remote.client   : [0ef5f9cf-71aa-45f2-afde-c216b2b48528] Registry connection listener to current client:com.alibaba.nacos.client.naming.remote.gprc.redo.NamingGrpcRedoService
2026-05-04T17:31:25.141+08:00  INFO 42352 --- [ecommerce-payment-service] [           main] com.alibaba.nacos.common.remote.client   : [0ef5f9cf-71aa-45f2-afde-c216b2b48528] Register server push request handler:com.alibaba.nacos.client.naming.remote.gprc.NamingPushRequestHandler
2026-05-04T17:31:25.142+08:00  INFO 42352 --- [ecommerce-payment-service] [           main] com.alibaba.nacos.common.remote.client   : [0ef5f9cf-71aa-45f2-afde-c216b2b48528] Try to connect to server on start up, server: {serverIp = 'localhost', server main port = 8848}
2026-05-04T17:31:25.142+08:00  INFO 42352 --- [ecommerce-payment-service] [           main] c.a.n.c.remote.client.grpc.GrpcClient    : grpc client connection server:localhost ip,serverPort:9848,grpcTslConfig:{"sslProvider":"","enableTls":false,"mutualAuthEnable":false,"trustAll":false}
2026-05-04T17:31:25.182+08:00  INFO 42352 --- [ecommerce-payment-service] [           main] com.alibaba.nacos.common.remote.client   : [0ef5f9cf-71aa-45f2-afde-c216b2b48528] Success to connect to server [localhost:8848] on start up, connectionId = 1777887085155_172.17.0.1_35608
2026-05-04T17:31:25.182+08:00  INFO 42352 --- [ecommerce-payment-service] [           main] com.alibaba.nacos.common.remote.client   : [0ef5f9cf-71aa-45f2-afde-c216b2b48528] Register server push request handler:com.alibaba.nacos.common.remote.client.RpcClient$ConnectResetRequestHandler
2026-05-04T17:31:25.182+08:00  INFO 42352 --- [ecommerce-payment-service] [           main] com.alibaba.nacos.common.remote.client   : [0ef5f9cf-71aa-45f2-afde-c216b2b48528] Register server push request handler:com.alibaba.nacos.common.remote.client.RpcClient$$Lambda/0x00000288ae35ba78
2026-05-04T17:31:25.182+08:00  INFO 42352 --- [ecommerce-payment-service] [remote.worker.0] com.alibaba.nacos.common.remote.client   : [0ef5f9cf-71aa-45f2-afde-c216b2b48528] Notify connected event to listeners.
2026-05-04T17:31:25.182+08:00  INFO 42352 --- [ecommerce-payment-service] [remote.worker.0] com.alibaba.nacos.client.naming          : Grpc connection connect
2026-05-04T17:31:25.185+08:00  INFO 42352 --- [ecommerce-payment-service] [           main] com.alibaba.nacos.client.naming          : [REGISTER-SERVICE] public registering service ecommerce-payment-service with instance Instance{instanceId='null', ip='192.168.30.1', port=8088, weight=1.0, healthy=true, enabled=true, ephemeral=true, clusterName='DEFAULT', serviceName='null', metadata={IPv6=null, preserved.register.source=SPRING_CLOUD}}
2026-05-04T17:31:25.218+08:00  INFO 42352 --- [ecommerce-payment-service] [           main] c.a.c.n.registry.NacosServiceRegistry    : nacos registry, DEFAULT_GROUP ecommerce-payment-service 192.168.30.1:8088 register finished
2026-05-04T17:31:25.254+08:00  INFO 42352 --- [ecommerce-payment-service] [           main] org.example.payment.Main                 : Started Main in 26.512 seconds (process running for 28.122)
2026-05-04T17:31:25.423+08:00  INFO 42352 --- [ecommerce-payment-service] [           main] c.a.nacos.client.config.impl.CacheData   : config listener notify warn timeout millis use default 60000 millis 
2026-05-04T17:31:25.423+08:00  INFO 42352 --- [ecommerce-payment-service] [           main] c.a.nacos.client.config.impl.CacheData   : nacos.cache.data.init.snapshot = true 
2026-05-04T17:31:25.423+08:00  INFO 42352 --- [ecommerce-payment-service] [           main] c.a.n.client.config.impl.ClientWorker    : [fixed-localhost_8848] [subscribe] ecommerce-common.yaml+ECOMMERCE_DEV
2026-05-04T17:31:25.452+08:00  INFO 42352 --- [ecommerce-payment-service] [           main] c.a.nacos.client.config.impl.CacheData   : [fixed-localhost_8848] [add-listener] ok, tenant=, dataId=ecommerce-common.yaml, group=ECOMMERCE_DEV, cnt=1
2026-05-04T17:31:25.453+08:00  INFO 42352 --- [ecommerce-payment-service] [           main] c.a.c.n.refresh.NacosContextRefresher    : [Nacos Config] Listening config: dataId=ecommerce-common.yaml, group=ECOMMERCE_DEV
2026-05-04T17:31:25.455+08:00  INFO 42352 --- [ecommerce-payment-service] [           main] c.a.n.client.config.impl.ClientWorker    : [fixed-localhost_8848] [subscribe] ecommerce-payment-service.yaml+ECOMMERCE_DEV
2026-05-04T17:31:25.455+08:00  INFO 42352 --- [ecommerce-payment-service] [           main] c.a.nacos.client.config.impl.CacheData   : [fixed-localhost_8848] [add-listener] ok, tenant=, dataId=ecommerce-payment-service.yaml, group=ECOMMERCE_DEV, cnt=1
2026-05-04T17:31:25.455+08:00  INFO 42352 --- [ecommerce-payment-service] [           main] c.a.c.n.refresh.NacosContextRefresher    : [Nacos Config] Listening config: dataId=ecommerce-payment-service.yaml, group=ECOMMERCE_DEV
