
  .   ____          _            __ _ _
 /\\ / ___'_ __ _ _(_)_ __  __ _ \ \ \ \
( ( )\___ | '_ | '_| | '_ \/ _` | \ \ \ \
 \\/  ___)| |_)| | | | | || (_| |  ) ) ) )
  '  |____| .__|_| |_|_| |_\__, | / / / /
 =========|_|==============|___/=/_/_/_/

 :: Spring Boot ::                (v3.3.4)

2026-05-04T17:31:02.202+08:00  INFO 42744 --- [ecommerce-user-service] [           main] org.example.user.Main                    : Starting Main using Java 22.0.2 with PID 42744 (C:\Users\zeihai\Desktop\code\ecommerce-springcloud\ecommerce-user-service\target\ecommerce-user-service-1.0-SNAPSHOT.jar started by zeihai in C:\Users\zeihai\Desktop\code\ecommerce-springcloud\ecommerce-user-service\target)
2026-05-04T17:31:02.211+08:00  INFO 42744 --- [ecommerce-user-service] [           main] org.example.user.Main                    : No active profile set, falling back to 1 default profile: "default"
2026-05-04T17:31:02.339+08:00  WARN 42744 --- [ecommerce-user-service] [           main] c.a.c.n.c.NacosConfigDataLoader          : [Nacos Config] config[dataId=ecommerce-user-service.yaml, group=ECOMMERCE_DEV] is empty
2026-05-04T17:31:02.339+08:00  WARN 42744 --- [ecommerce-user-service] [           main] c.a.c.n.c.NacosConfigDataLoader          : [Nacos Config] config[dataId=ecommerce-common.yaml, group=ECOMMERCE_DEV] is empty
2026-05-04T17:31:06.461+08:00  INFO 42744 --- [ecommerce-user-service] [           main] .s.d.r.c.RepositoryConfigurationDelegate : Bootstrapping Spring Data JPA repositories in DEFAULT mode.
2026-05-04T17:31:06.717+08:00  INFO 42744 --- [ecommerce-user-service] [           main] .s.d.r.c.RepositoryConfigurationDelegate : Finished Spring Data repository scanning in 225 ms. Found 5 JPA repository interfaces.
2026-05-04T17:31:07.629+08:00  INFO 42744 --- [ecommerce-user-service] [           main] o.s.cloud.context.scope.GenericScope     : BeanFactory id=430a0850-3dfa-3c30-a71b-2ac9cb125b48
2026-05-04T17:31:09.835+08:00  INFO 42744 --- [ecommerce-user-service] [           main] o.s.b.w.embedded.tomcat.TomcatWebServer  : Tomcat initialized with port 8083 (http)
2026-05-04T17:31:09.913+08:00  INFO 42744 --- [ecommerce-user-service] [           main] o.apache.catalina.core.StandardService   : Starting service [Tomcat]
2026-05-04T17:31:09.914+08:00  INFO 42744 --- [ecommerce-user-service] [           main] o.apache.catalina.core.StandardEngine    : Starting Servlet engine: [Apache Tomcat/10.1.30]
2026-05-04T17:31:10.045+08:00  INFO 42744 --- [ecommerce-user-service] [           main] o.a.c.c.C.[Tomcat].[localhost].[/]       : Initializing Spring embedded WebApplicationContext
2026-05-04T17:31:10.045+08:00  INFO 42744 --- [ecommerce-user-service] [           main] w.s.c.ServletWebServerApplicationContext : Root WebApplicationContext: initialization completed in 7696 ms
2026-05-04T17:31:11.300+08:00  INFO 42744 --- [ecommerce-user-service] [           main] com.zaxxer.hikari.HikariDataSource       : HikariPool-1 - Starting...
2026-05-04T17:31:12.201+08:00  INFO 42744 --- [ecommerce-user-service] [           main] com.zaxxer.hikari.pool.HikariPool        : HikariPool-1 - Added connection com.mysql.cj.jdbc.ConnectionImpl@29ee8174
2026-05-04T17:31:12.204+08:00  INFO 42744 --- [ecommerce-user-service] [           main] com.zaxxer.hikari.HikariDataSource       : HikariPool-1 - Start completed.
2026-05-04T17:31:12.965+08:00  INFO 42744 --- [ecommerce-user-service] [           main] o.hibernate.jpa.internal.util.LogHelper  : HHH000204: Processing PersistenceUnitInfo [name: default]
2026-05-04T17:31:13.171+08:00  INFO 42744 --- [ecommerce-user-service] [           main] org.hibernate.Version                    : HHH000412: Hibernate ORM core version 6.5.3.Final
2026-05-04T17:31:13.273+08:00  INFO 42744 --- [ecommerce-user-service] [           main] o.h.c.internal.RegionFactoryInitiator    : HHH000026: Second-level cache disabled
2026-05-04T17:31:14.238+08:00  INFO 42744 --- [ecommerce-user-service] [           main] o.s.o.j.p.SpringPersistenceUnitInfo      : No LoadTimeWeaver setup: ignoring JPA class transformer
2026-05-04T17:31:14.421+08:00  WARN 42744 --- [ecommerce-user-service] [           main] org.hibernate.orm.deprecation            : HHH90000025: MySQLDialect does not need to be specified explicitly using 'hibernate.dialect' (remove the property setting and it will be selected by default)
2026-05-04T17:31:16.810+08:00  INFO 42744 --- [ecommerce-user-service] [           main] o.h.e.t.j.p.i.JtaPlatformInitiator       : HHH000489: No JTA platform available (set 'hibernate.transaction.jta.platform' to enable JTA platform integration)
2026-05-04T17:31:16.816+08:00  INFO 42744 --- [ecommerce-user-service] [           main] j.LocalContainerEntityManagerFactoryBean : Initialized JPA EntityManagerFactory for persistence unit 'default'
2026-05-04T17:31:18.549+08:00  WARN 42744 --- [ecommerce-user-service] [           main] .s.s.UserDetailsServiceAutoConfiguration : 

Using generated security password: efcef852-8e3e-4322-a27d-8708054c5362

This generated password is for development use only. Your security configuration must be updated before running your application in production.

2026-05-04T17:31:18.579+08:00  INFO 42744 --- [ecommerce-user-service] [           main] r$InitializeUserDetailsManagerConfigurer : Global AuthenticationManager configured with UserDetailsService bean with name inMemoryUserDetailsManager
2026-05-04T17:31:19.652+08:00  INFO 42744 --- [ecommerce-user-service] [           main] o.s.b.a.e.web.EndpointLinksResolver      : Exposing 2 endpoints beneath base path '/actuator'
2026-05-04T17:31:21.310+08:00  INFO 42744 --- [ecommerce-user-service] [           main] o.s.cloud.commons.util.InetUtils         : Cannot determine local hostname
2026-05-04T17:31:23.080+08:00  INFO 42744 --- [ecommerce-user-service] [           main] o.s.cloud.commons.util.InetUtils         : Cannot determine local hostname
2026-05-04T17:31:23.274+08:00  INFO 42744 --- [ecommerce-user-service] [           main] o.s.b.w.embedded.tomcat.TomcatWebServer  : Tomcat started on port 8083 (http) with context path '/'
2026-05-04T17:31:23.294+08:00  INFO 42744 --- [ecommerce-user-service] [           main] com.alibaba.nacos.client.naming          : initializer namespace from ans.namespace attribute : null
2026-05-04T17:31:23.295+08:00  INFO 42744 --- [ecommerce-user-service] [           main] com.alibaba.nacos.client.naming          : initializer namespace from ALIBABA_ALIWARE_NAMESPACE attribute :null
2026-05-04T17:31:23.296+08:00  INFO 42744 --- [ecommerce-user-service] [           main] com.alibaba.nacos.client.naming          : initializer namespace from namespace attribute :null
2026-05-04T17:31:23.311+08:00  INFO 42744 --- [ecommerce-user-service] [           main] com.alibaba.nacos.client.naming          : FailoverDataSource type is class com.alibaba.nacos.client.naming.backups.datasource.DiskFailoverDataSource
2026-05-04T17:31:23.322+08:00  INFO 42744 --- [ecommerce-user-service] [           main] c.a.n.p.a.s.c.ClientAuthPluginManager    : [ClientAuthPluginManager] Load ClientAuthService com.alibaba.nacos.client.auth.impl.NacosClientAuthServiceImpl success.
2026-05-04T17:31:23.322+08:00  INFO 42744 --- [ecommerce-user-service] [           main] c.a.n.p.a.s.c.ClientAuthPluginManager    : [ClientAuthPluginManager] Load ClientAuthService com.alibaba.nacos.client.auth.ram.RamClientAuthServiceImpl success.
2026-05-04T17:31:23.332+08:00  INFO 42744 --- [ecommerce-user-service] [           main] com.alibaba.nacos.common.remote.client   : [RpcClientFactory] create a new rpc client of 048455e1-81b6-4996-a0e3-ce9beaba7894
2026-05-04T17:31:23.336+08:00  INFO 42744 --- [ecommerce-user-service] [           main] com.alibaba.nacos.client.naming          : Create naming rpc client for uuid->048455e1-81b6-4996-a0e3-ce9beaba7894
2026-05-04T17:31:23.337+08:00  INFO 42744 --- [ecommerce-user-service] [           main] com.alibaba.nacos.common.remote.client   : [048455e1-81b6-4996-a0e3-ce9beaba7894] RpcClient init, ServerListFactory = com.alibaba.nacos.client.naming.core.ServerListManager
2026-05-04T17:31:23.337+08:00  INFO 42744 --- [ecommerce-user-service] [           main] com.alibaba.nacos.common.remote.client   : [048455e1-81b6-4996-a0e3-ce9beaba7894] Registry connection listener to current client:com.alibaba.nacos.client.naming.remote.gprc.redo.NamingGrpcRedoService
2026-05-04T17:31:23.337+08:00  INFO 42744 --- [ecommerce-user-service] [           main] com.alibaba.nacos.common.remote.client   : [048455e1-81b6-4996-a0e3-ce9beaba7894] Register server push request handler:com.alibaba.nacos.client.naming.remote.gprc.NamingPushRequestHandler
2026-05-04T17:31:23.339+08:00  INFO 42744 --- [ecommerce-user-service] [           main] com.alibaba.nacos.common.remote.client   : [048455e1-81b6-4996-a0e3-ce9beaba7894] Try to connect to server on start up, server: {serverIp = 'localhost', server main port = 8848}
2026-05-04T17:31:23.339+08:00  INFO 42744 --- [ecommerce-user-service] [           main] c.a.n.c.remote.client.grpc.GrpcClient    : grpc client connection server:localhost ip,serverPort:9848,grpcTslConfig:{"sslProvider":"","enableTls":false,"mutualAuthEnable":false,"trustAll":false}
2026-05-04T17:31:23.387+08:00  INFO 42744 --- [ecommerce-user-service] [           main] com.alibaba.nacos.common.remote.client   : [048455e1-81b6-4996-a0e3-ce9beaba7894] Success to connect to server [localhost:8848] on start up, connectionId = 1777887083356_172.17.0.1_35590
2026-05-04T17:31:23.388+08:00  INFO 42744 --- [ecommerce-user-service] [           main] com.alibaba.nacos.common.remote.client   : [048455e1-81b6-4996-a0e3-ce9beaba7894] Register server push request handler:com.alibaba.nacos.common.remote.client.RpcClient$ConnectResetRequestHandler
2026-05-04T17:31:23.388+08:00  INFO 42744 --- [ecommerce-user-service] [remote.worker.0] com.alibaba.nacos.common.remote.client   : [048455e1-81b6-4996-a0e3-ce9beaba7894] Notify connected event to listeners.
2026-05-04T17:31:23.388+08:00  INFO 42744 --- [ecommerce-user-service] [           main] com.alibaba.nacos.common.remote.client   : [048455e1-81b6-4996-a0e3-ce9beaba7894] Register server push request handler:com.alibaba.nacos.common.remote.client.RpcClient$$Lambda/0x0000024a19360688
2026-05-04T17:31:23.388+08:00  INFO 42744 --- [ecommerce-user-service] [remote.worker.0] com.alibaba.nacos.client.naming          : Grpc connection connect
2026-05-04T17:31:23.390+08:00  INFO 42744 --- [ecommerce-user-service] [           main] com.alibaba.nacos.client.naming          : [REGISTER-SERVICE] public registering service ecommerce-user-service with instance Instance{instanceId='null', ip='192.168.30.1', port=8083, weight=1.0, healthy=true, enabled=true, ephemeral=true, clusterName='DEFAULT', serviceName='null', metadata={IPv6=null, preserved.register.source=SPRING_CLOUD}}
2026-05-04T17:31:23.439+08:00  INFO 42744 --- [ecommerce-user-service] [           main] c.a.c.n.registry.NacosServiceRegistry    : nacos registry, DEFAULT_GROUP ecommerce-user-service 192.168.30.1:8083 register finished
2026-05-04T17:31:24.460+08:00  INFO 42744 --- [ecommerce-user-service] [           main] o.s.cloud.commons.util.InetUtils         : Cannot determine local hostname
2026-05-04T17:31:24.491+08:00  INFO 42744 --- [ecommerce-user-service] [           main] org.example.user.Main                    : Started Main in 28.703 seconds (process running for 29.828)
Hibernate: 
    select
        ua1_0.id 
    from
        sys_user ua1_0 
    where
        ua1_0.username=? 
    limit
        ?
Hibernate: 
    select
        ua1_0.id 
    from
        sys_user ua1_0 
    where
        ua1_0.username=? 
    limit
        ?
2026-05-04T17:31:25.191+08:00  INFO 42744 --- [ecommerce-user-service] [           main] c.a.nacos.client.config.impl.CacheData   : config listener notify warn timeout millis use default 60000 millis 
2026-05-04T17:31:25.191+08:00  INFO 42744 --- [ecommerce-user-service] [           main] c.a.nacos.client.config.impl.CacheData   : nacos.cache.data.init.snapshot = true 
2026-05-04T17:31:25.192+08:00  INFO 42744 --- [ecommerce-user-service] [           main] c.a.n.client.config.impl.ClientWorker    : [fixed-localhost_8848] [subscribe] ecommerce-common.yaml+ECOMMERCE_DEV
2026-05-04T17:31:25.210+08:00  INFO 42744 --- [ecommerce-user-service] [           main] c.a.nacos.client.config.impl.CacheData   : [fixed-localhost_8848] [add-listener] ok, tenant=, dataId=ecommerce-common.yaml, group=ECOMMERCE_DEV, cnt=1
2026-05-04T17:31:25.211+08:00  INFO 42744 --- [ecommerce-user-service] [           main] c.a.c.n.refresh.NacosContextRefresher    : [Nacos Config] Listening config: dataId=ecommerce-common.yaml, group=ECOMMERCE_DEV
2026-05-04T17:31:25.211+08:00  INFO 42744 --- [ecommerce-user-service] [           main] c.a.n.client.config.impl.ClientWorker    : [fixed-localhost_8848] [subscribe] ecommerce-user-service.yaml+ECOMMERCE_DEV
2026-05-04T17:31:25.211+08:00  INFO 42744 --- [ecommerce-user-service] [           main] c.a.nacos.client.config.impl.CacheData   : [fixed-localhost_8848] [add-listener] ok, tenant=, dataId=ecommerce-user-service.yaml, group=ECOMMERCE_DEV, cnt=1
2026-05-04T17:31:25.211+08:00  INFO 42744 --- [ecommerce-user-service] [           main] c.a.c.n.refresh.NacosContextRefresher    : [Nacos Config] Listening config: dataId=ecommerce-user-service.yaml, group=ECOMMERCE_DEV
2026-05-04T17:32:46.291+08:00  INFO 42744 --- [ecommerce-user-service] [nio-8083-exec-1] o.a.c.c.C.[Tomcat].[localhost].[/]       : Initializing Spring DispatcherServlet 'dispatcherServlet'
2026-05-04T17:32:46.291+08:00  INFO 42744 --- [ecommerce-user-service] [nio-8083-exec-1] o.s.web.servlet.DispatcherServlet        : Initializing Servlet 'dispatcherServlet'
2026-05-04T17:32:46.294+08:00  INFO 42744 --- [ecommerce-user-service] [nio-8083-exec-1] o.s.web.servlet.DispatcherServlet        : Completed initialization in 2 ms
Hibernate: 
    select
        ua1_0.id,
        ua1_0.avatar_url,
        ua1_0.created_at,
        ua1_0.email,
        ua1_0.member_level,
        ua1_0.nickname,
        ua1_0.password_hash,
        ua1_0.phone,
        ua1_0.points,
        ua1_0.role,
        ua1_0.status,
        ua1_0.updated_at,
        ua1_0.username 
    from
        sys_user ua1_0 
    where
        ua1_0.username=? 
        and ua1_0.role=?
Hibernate: 
    select
        ua1_0.id,
        ua1_0.avatar_url,
        ua1_0.created_at,
        ua1_0.email,
        ua1_0.member_level,
        ua1_0.nickname,
        ua1_0.password_hash,
        ua1_0.phone,
        ua1_0.points,
        ua1_0.role,
        ua1_0.status,
        ua1_0.updated_at,
        ua1_0.username 
    from
        sys_user ua1_0 
    where
        ua1_0.id=?
Hibernate: 
    select
        mn1_0.id,
        mn1_0.content,
        mn1_0.created_at,
        mn1_0.sort_no,
        mn1_0.status,
        mn1_0.title,
        mn1_0.updated_at 
    from
        mall_notice mn1_0 
    where
        mn1_0.status=? 
    order by
        mn1_0.sort_no desc,
        mn1_0.id desc
Hibernate: 
    select
        ua1_0.id,
        ua1_0.avatar_url,
        ua1_0.created_at,
        ua1_0.email,
        ua1_0.member_level,
        ua1_0.nickname,
        ua1_0.password_hash,
        ua1_0.phone,
        ua1_0.points,
        ua1_0.role,
        ua1_0.status,
        ua1_0.updated_at,
        ua1_0.username 
    from
        sys_user ua1_0 
    where
        ua1_0.id=?
Hibernate: 
    select
        mn1_0.id,
        mn1_0.content,
        mn1_0.created_at,
        mn1_0.sort_no,
        mn1_0.status,
        mn1_0.title,
        mn1_0.updated_at 
    from
        mall_notice mn1_0 
    where
        mn1_0.status=? 
    order by
        mn1_0.sort_no desc,
        mn1_0.id desc
Hibernate: 
    select
        uc1_0.id,
        uc1_0.code,
        uc1_0.created_at,
        uc1_0.discount_amount,
        uc1_0.order_no,
        uc1_0.status,
        uc1_0.template_id,
        uc1_0.threshold,
        uc1_0.used_at,
        uc1_0.user_id 
    from
        user_coupon uc1_0 
    where
        uc1_0.user_id=? 
    order by
        uc1_0.created_at desc
Hibernate: 
    select
        ct1_0.id,
        ct1_0.description,
        ct1_0.discount_amount,
        ct1_0.name,
        ct1_0.points_cost,
        ct1_0.status,
        ct1_0.threshold 
    from
        coupon_template ct1_0 
    where
        ct1_0.status=? 
    order by
        ct1_0.points_cost
Hibernate: 
    select
        uc1_0.id,
        uc1_0.code,
        uc1_0.created_at,
        uc1_0.discount_amount,
        uc1_0.order_no,
        uc1_0.status,
        uc1_0.template_id,
        uc1_0.threshold,
        uc1_0.used_at,
        uc1_0.user_id 
    from
        user_coupon uc1_0 
    where
        uc1_0.user_id=? 
    order by
        uc1_0.created_at desc
Hibernate: 
    select
        ct1_0.id,
        ct1_0.description,
        ct1_0.discount_amount,
        ct1_0.name,
        ct1_0.points_cost,
        ct1_0.status,
        ct1_0.threshold 
    from
        coupon_template ct1_0 
    where
        ct1_0.status=? 
    order by
        ct1_0.points_cost
Hibernate: 
    select
        ua1_0.id,
        ua1_0.avatar_url,
        ua1_0.created_at,
        ua1_0.email,
        ua1_0.member_level,
        ua1_0.nickname,
        ua1_0.password_hash,
        ua1_0.phone,
        ua1_0.points,
        ua1_0.role,
        ua1_0.status,
        ua1_0.updated_at,
        ua1_0.username 
    from
        sys_user ua1_0 
    where
        ua1_0.id=?
Hibernate: 
    select
        mn1_0.id,
        mn1_0.content,
        mn1_0.created_at,
        mn1_0.sort_no,
        mn1_0.status,
        mn1_0.title,
        mn1_0.updated_at 
    from
        mall_notice mn1_0 
    where
        mn1_0.status=? 
    order by
        mn1_0.sort_no desc,
        mn1_0.id desc
Hibernate: 
    select
        ua1_0.id,
        ua1_0.avatar_url,
        ua1_0.created_at,
        ua1_0.email,
        ua1_0.member_level,
        ua1_0.nickname,
        ua1_0.password_hash,
        ua1_0.phone,
        ua1_0.points,
        ua1_0.role,
        ua1_0.status,
        ua1_0.updated_at,
        ua1_0.username 
    from
        sys_user ua1_0 
    where
        ua1_0.id=?
Hibernate: 
    select
        mn1_0.id,
        mn1_0.content,
        mn1_0.created_at,
        mn1_0.sort_no,
        mn1_0.status,
        mn1_0.title,
        mn1_0.updated_at 
    from
        mall_notice mn1_0 
    where
        mn1_0.status=? 
    order by
        mn1_0.sort_no desc,
        mn1_0.id desc
Hibernate: 
    select
        ct1_0.id,
        ct1_0.description,
        ct1_0.discount_amount,
        ct1_0.name,
        ct1_0.points_cost,
        ct1_0.status,
        ct1_0.threshold 
    from
        coupon_template ct1_0 
    where
        ct1_0.status=? 
    order by
        ct1_0.points_cost
Hibernate: 
    select
        uc1_0.id,
        uc1_0.code,
        uc1_0.created_at,
        uc1_0.discount_amount,
        uc1_0.order_no,
        uc1_0.status,
        uc1_0.template_id,
        uc1_0.threshold,
        uc1_0.used_at,
        uc1_0.user_id 
    from
        user_coupon uc1_0 
    where
        uc1_0.user_id=? 
    order by
        uc1_0.created_at desc
Hibernate: 
    select
        ua1_0.id,
        ua1_0.avatar_url,
        ua1_0.created_at,
        ua1_0.email,
        ua1_0.member_level,
        ua1_0.nickname,
        ua1_0.password_hash,
        ua1_0.phone,
        ua1_0.points,
        ua1_0.role,
        ua1_0.status,
        ua1_0.updated_at,
        ua1_0.username 
    from
        sys_user ua1_0 
    where
        ua1_0.id=?
Hibernate: 
    select
        mn1_0.id,
        mn1_0.content,
        mn1_0.created_at,
        mn1_0.sort_no,
        mn1_0.status,
        mn1_0.title,
        mn1_0.updated_at 
    from
        mall_notice mn1_0 
    where
        mn1_0.status=? 
    order by
        mn1_0.sort_no desc,
        mn1_0.id desc
